  test.c
c:\users\super\desktop\个人笔记\c\c-code\2020_9_20_1\test\test\test.c(14): error C2061: 语法错误: 标识符“var”
c:\users\super\desktop\个人笔记\c\c-code\2020_9_20_1\test\test\test.c(14): error C2059: 语法错误:“;”
